0 info it worked if it ends with ok
1 verbose cli [ '/home/francoviterbo/.nvm/v6.2.0/bin/node',
1 verbose cli   '/home/francoviterbo/.nvm/v6.2.0/bin/npm',
1 verbose cli   'run',
1 verbose cli   'lint' ]
2 info using npm@3.8.9
3 info using node@v6.2.0
4 verbose run-script [ 'prelint', 'lint', 'postlint' ]
5 info lifecycle liketorFrontend@1.0.0~prelint: liketorFrontend@1.0.0
6 silly lifecycle liketorFrontend@1.0.0~prelint: no script for prelint, continuing
7 info lifecycle liketorFrontend@1.0.0~lint: liketorFrontend@1.0.0
8 verbose lifecycle liketorFrontend@1.0.0~lint: unsafe-perm in lifecycle true
9 verbose lifecycle liketorFrontend@1.0.0~lint: PATH: /home/francoviterbo/.nvm/v6.2.0/lib/node_modules/npm/bin/node-gyp-bin:/home/francoviterbo/workspace/liketor-frontend/node_modules/.bin:/home/francoviterbo/.nvm/v6.2.0/bin:/home/francoviterbo/.nvm/v6.2.0/bin:/home/francoviterbo/bin:/home/francoviterbo/.local/bin:/usr/local/sbin:/usr/local/bin:/usr/sbin:/usr/bin:/sbin:/bin:/usr/games:/usr/local/games:/snap/bin:/usr/lib/jvm/java-9-oracle/bin:/usr/lib/jvm/java-9-oracle/db/bin
10 verbose lifecycle liketorFrontend@1.0.0~lint: CWD: /home/francoviterbo/workspace/liketor-frontend
11 silly lifecycle liketorFrontend@1.0.0~lint: Args: [ '-c', 'eslint . --ext .js --quiet' ]
12 silly lifecycle liketorFrontend@1.0.0~lint: Returned: code: 1  signal: null
13 info lifecycle liketorFrontend@1.0.0~lint: Failed to exec lint script
14 verbose stack Error: liketorFrontend@1.0.0 lint: `eslint . --ext .js --quiet`
14 verbose stack Exit status 1
14 verbose stack     at EventEmitter.<anonymous> (/home/francoviterbo/.nvm/v6.2.0/lib/node_modules/npm/lib/utils/lifecycle.js:245:16)
14 verbose stack     at emitTwo (events.js:106:13)
14 verbose stack     at EventEmitter.emit (events.js:191:7)
14 verbose stack     at ChildProcess.<anonymous> (/home/francoviterbo/.nvm/v6.2.0/lib/node_modules/npm/lib/utils/spawn.js:24:14)
14 verbose stack     at emitTwo (events.js:106:13)
14 verbose stack     at ChildProcess.emit (events.js:191:7)
14 verbose stack     at maybeClose (internal/child_process.js:850:16)
14 verbose stack     at Process.ChildProcess._handle.onexit (internal/child_process.js:215:5)
15 verbose pkgid liketorFrontend@1.0.0
16 verbose cwd /home/francoviterbo/workspace/liketor-frontend
17 error Linux 4.4.0-78-generic
18 error argv "/home/francoviterbo/.nvm/v6.2.0/bin/node" "/home/francoviterbo/.nvm/v6.2.0/bin/npm" "run" "lint"
19 error node v6.2.0
20 error npm  v3.8.9
21 error code ELIFECYCLE
22 error liketorFrontend@1.0.0 lint: `eslint . --ext .js --quiet`
22 error Exit status 1
23 error Failed at the liketorFrontend@1.0.0 lint script 'eslint . --ext .js --quiet'.
23 error Make sure you have the latest version of node.js and npm installed.
23 error If you do, this is most likely a problem with the liketorFrontend package,
23 error not with npm itself.
23 error Tell the author that this fails on your system:
23 error     eslint . --ext .js --quiet
23 error You can get information on how to open an issue for this project with:
23 error     npm bugs liketorFrontend
23 error Or if that isn't available, you can get their info via:
23 error     npm owner ls liketorFrontend
23 error There is likely additional logging output above.
24 verbose exit [ 1, true ]
